TN:
SF:src\config\database.ts
FN:26,createDatabase
FN:45,tableExists
FN:59,syncDatabaseSchema
FN:81,(anonymous_14)
FN:119,(anonymous_15)
FN:122,(anonymous_16)
FN:126,(anonymous_17)
FN:130,(anonymous_18)
FN:170,(anonymous_19)
FN:170,(anonymous_20)
FNF:10
FNH:0
FNDA:0,createDatabase
FNDA:0,tableExists
FNDA:0,syncDatabaseSchema
FNDA:0,(anonymous_14)
FNDA:0,(anonymous_15)
FNDA:0,(anonymous_16)
FNDA:0,(anonymous_17)
FNDA:0,(anonymous_18)
FNDA:0,(anonymous_19)
FNDA:0,(anonymous_20)
DA:1,1
DA:2,1
DA:3,1
DA:4,1
DA:5,1
DA:6,1
DA:7,1
DA:8,1
DA:9,1
DA:10,1
DA:11,1
DA:12,1
DA:13,1
DA:16,1
DA:18,1
DA:21,1
DA:27,0
DA:28,0
DA:34,0
DA:35,0
DA:37,0
DA:38,0
DA:49,0
DA:53,0
DA:61,0
DA:62,0
DA:69,0
DA:70,0
DA:71,0
DA:73,0
DA:74,0
DA:75,0
DA:77,0
DA:78,0
DA:80,0
DA:82,0
DA:83,0
DA:86,0
DA:87,0
DA:88,0
DA:89,0
DA:90,0
DA:94,0
DA:95,0
DA:98,0
DA:102,0
DA:104,0
DA:106,0
DA:108,0
DA:114,0
DA:119,0
DA:121,0
DA:122,0
DA:125,0
DA:126,0
DA:128,0
DA:129,0
DA:130,0
DA:132,0
DA:133,0
DA:134,0
DA:138,0
DA:146,0
DA:150,0
DA:151,0
DA:155,1
DA:170,1
DA:171,0
DA:172,0
DA:173,0
DA:176,0
DA:178,0
DA:179,0
LF:73
LH:18
BRDA:73,0,0,0
BRDA:73,0,1,0
BRDA:83,1,0,0
BRDA:83,1,1,0
BRDA:86,2,0,0
BRDA:87,3,0,0
BRDA:87,3,1,0
BRDA:88,4,0,0
BRDA:88,4,1,0
BRDA:89,5,0,0
BRDA:89,5,1,0
BRDA:94,6,0,0
BRDA:94,7,0,0
BRDA:94,7,1,0
BRDA:132,8,0,0
BRDA:133,9,0,0
BRDA:133,9,1,0
BRF:17
BRH:0
end_of_record
TN:
SF:src\constants\messages.ts
FNF:0
FNH:0
DA:1,2
LF:1
LH:1
BRF:0
BRH:0
end_of_record
TN:
SF:src\constants\statusCodes.ts
FNF:0
FNH:0
DA:1,1
LF:1
LH:1
BRF:0
BRH:0
end_of_record
TN:
SF:src\controllers\form.controller.ts
FN:8,(anonymous_7)
FN:13,(anonymous_8)
FN:23,(anonymous_10)
FN:44,(anonymous_12)
FNF:4
FNH:4
FNDA:9,(anonymous_7)
FNDA:2,(anonymous_8)
FNDA:3,(anonymous_10)
FNDA:4,(anonymous_12)
DA:2,1
DA:3,1
DA:5,1
DA:9,9
DA:14,2
DA:15,2
DA:16,1
DA:18,1
DA:19,1
DA:29,3
DA:31,3
DA:32,1
DA:35,2
DA:36,2
DA:37,1
DA:39,1
DA:40,1
DA:45,4
DA:47,4
DA:48,1
DA:51,3
DA:52,3
DA:54,2
DA:55,1
DA:58,1
DA:60,1
DA:61,1
LF:27
LH:27
BRDA:31,0,0,1
BRDA:31,1,0,3
BRDA:31,1,1,2
BRDA:47,2,0,1
BRDA:54,3,0,1
BRF:5
BRH:5
end_of_record
TN:
SF:src\entities\base.entity.ts
FNF:0
FNH:0
DA:1,1
DA:8,1
DA:10,1
DA:13,1
DA:16,1
DA:19,1
LF:6
LH:6
BRF:0
BRH:0
end_of_record
TN:
SF:src\entities\fieldOptions.entity.ts
FN:16,(anonymous_2)
FN:16,(anonymous_3)
FNF:2
FNH:0
FNDA:0,(anonymous_2)
FNDA:0,(anonymous_3)
DA:1,1
DA:7,1
DA:8,1
DA:11,1
DA:14,1
DA:16,0
DA:18,1
DA:21,1
DA:24,1
DA:27,1
DA:30,1
DA:33,1
DA:36,1
DA:39,1
DA:42,1
LF:15
LH:14
BRF:0
BRH:0
end_of_record
TN:
SF:src\entities\formFields.entity.ts
FN:18,(anonymous_2)
FN:18,(anonymous_3)
FN:46,(anonymous_4)
FN:46,(anonymous_5)
FNF:4
FNH:0
FNDA:0,(anonymous_2)
FNDA:0,(anonymous_3)
FNDA:0,(anonymous_4)
FNDA:0,(anonymous_5)
DA:1,1
DA:8,1
DA:9,1
DA:10,1
DA:13,1
DA:16,1
DA:18,0
DA:20,1
DA:23,1
DA:26,1
DA:29,1
DA:32,1
DA:35,1
DA:38,1
DA:41,1
DA:44,1
DA:46,0
DA:47,1
LF:18
LH:16
BRF:0
BRH:0
end_of_record
TN:
SF:src\entities\forms.entity.ts
FN:18,(anonymous_2)
FN:18,(anonymous_3)
FNF:2
FNH:0
FNDA:0,(anonymous_2)
FNDA:0,(anonymous_3)
DA:1,1
DA:6,1
DA:7,1
DA:10,1
DA:13,1
DA:16,1
DA:18,0
DA:19,1
LF:8
LH:7
BRF:0
BRH:0
end_of_record
TN:
SF:src\entities\gates.entity.ts
FN:10,(anonymous_2)
FN:10,(anonymous_3)
FNF:2
FNH:0
FNDA:0,(anonymous_2)
FNDA:0,(anonymous_3)
DA:1,1
DA:2,1
DA:3,1
DA:6,1
DA:8,1
DA:10,0
DA:11,1
LF:7
LH:6
BRF:0
BRH:0
end_of_record
TN:
SF:src\entities\product-gates-mapping.entity.ts
FN:11,(anonymous_2)
FN:11,(anonymous_3)
FN:17,(anonymous_4)
FN:17,(anonymous_5)
FNF:4
FNH:0
FNDA:0,(anonymous_2)
FNDA:0,(anonymous_3)
FNDA:0,(anonymous_4)
FNDA:0,(anonymous_5)
DA:1,1
DA:2,1
DA:3,1
DA:4,1
DA:7,1
DA:9,1
DA:11,0
DA:15,1
DA:17,0
DA:21,1
LF:10
LH:8
BRF:0
BRH:0
end_of_record
TN:
SF:src\entities\product.entity.ts
FN:15,(anonymous_2)
FN:15,(anonymous_3)
FNF:2
FNH:0
FNDA:0,(anonymous_2)
FNDA:0,(anonymous_3)
DA:1,1
DA:6,1
DA:7,1
DA:10,1
DA:13,1
DA:15,0
DA:16,1
LF:7
LH:6
BRF:0
BRH:0
end_of_record
TN:
SF:src\entities\subForms.entity.ts
FN:19,(anonymous_2)
FN:19,(anonymous_3)
FN:35,(anonymous_4)
FN:35,(anonymous_5)
FN:38,(anonymous_6)
FN:38,(anonymous_7)
FNF:6
FNH:0
FNDA:0,(anonymous_2)
FNDA:0,(anonymous_3)
FNDA:0,(anonymous_4)
FNDA:0,(anonymous_5)
FNDA:0,(anonymous_6)
FNDA:0,(anonymous_7)
DA:1,1
DA:8,1
DA:9,1
DA:10,1
DA:11,1
DA:15,1
DA:17,1
DA:19,0
DA:21,1
DA:24,1
DA:27,1
DA:30,1
DA:33,1
DA:35,0
DA:36,1
DA:38,0
DA:39,1
LF:17
LH:14
BRF:0
BRH:0
end_of_record
TN:
SF:src\entities\tableFields.entity.ts
FN:42,(anonymous_2)
FN:42,(anonymous_3)
FN:45,(anonymous_4)
FN:45,(anonymous_5)
FNF:4
FNH:0
FNDA:0,(anonymous_2)
FNDA:0,(anonymous_3)
FNDA:0,(anonymous_4)
FNDA:0,(anonymous_5)
DA:1,1
DA:8,1
DA:9,1
DA:10,1
DA:14,1
DA:16,1
DA:19,1
DA:22,1
DA:25,1
DA:28,1
DA:31,1
DA:34,1
DA:37,1
DA:40,1
DA:42,0
DA:43,1
DA:45,0
DA:47,1
LF:18
LH:16
BRF:0
BRH:0
end_of_record
TN:
SF:src\entities\user.entity.ts
FNF:0
FNH:0
DA:1,1
DA:5,1
DA:8,1
DA:11,1
DA:14,1
DA:17,1
DA:20,1
DA:23,1
LF:8
LH:8
BRF:0
BRH:0
end_of_record
TN:
SF:src\repositories\form.repository.ts
FN:9,(anonymous_7)
FN:13,(anonymous_8)
FN:17,(anonymous_10)
FN:22,(anonymous_12)
FNF:4
FNH:0
FNDA:0,(anonymous_7)
FNDA:0,(anonymous_8)
FNDA:0,(anonymous_10)
FNDA:0,(anonymous_12)
DA:1,1
DA:2,1
DA:5,1
DA:10,0
DA:14,0
DA:18,0
DA:19,0
DA:23,0
LF:8
LH:3
BRF:0
BRH:0
end_of_record
TN:
SF:src\services\form.service.ts
FN:10,(anonymous_7)
FN:14,(anonymous_8)
FN:24,(anonymous_10)
FN:34,(anonymous_12)
FNF:4
FNH:0
FNDA:0,(anonymous_7)
FNDA:0,(anonymous_8)
FNDA:0,(anonymous_10)
FNDA:0,(anonymous_12)
DA:1,1
DA:2,1
DA:3,1
DA:4,1
DA:6,1
DA:11,0
DA:15,0
DA:16,0
DA:17,0
DA:19,0
DA:20,0
DA:25,0
DA:26,0
DA:27,0
DA:29,0
DA:30,0
DA:35,0
DA:36,0
DA:37,0
DA:38,0
DA:40,0
DA:42,0
DA:43,0
LF:23
LH:5
BRDA:37,0,0,0
BRF:1
BRH:0
end_of_record
TN:
SF:src\utils\responseHelper.ts
FN:9,(anonymous_0)
FN:20,(anonymous_1)
FNF:2
FNH:0
FNDA:0,(anonymous_0)
FNDA:0,(anonymous_1)
DA:9,1
DA:13,0
DA:20,1
DA:24,0
LF:4
LH:2
BRF:0
BRH:0
end_of_record
